<?xml version="1.0" encoding="UTF-8"?>
<testsuite name="net.asabon.bustimetable.TestTimeTable" tests="7" skipped="0" failures="0" errors="0" timestamp="2024-02-12T01:51:37" hostname="fv-az593-923" time="0.073">
  <properties/>
  <testcase name="isSmall_minute_isTrue" classname="net.asabon.bustimetable.TestTimeTable" time="0.014"/>
  <testcase name="isSmall_hour_isFalse" classname="net.asabon.bustimetable.TestTimeTable" time="0.003"/>
  <testcase name="isSmall_minute_isFalse" classname="net.asabon.bustimetable.TestTimeTable" time="0.0"/>
  <testcase name="mergeList_BaseIsNull" classname="net.asabon.bustimetable.TestTimeTable" time="0.0"/>
  <testcase name="getHour_test" classname="net.asabon.bustimetable.TestTimeTable" time="0.045"/>
  <testcase name="getMinute_test" classname="net.asabon.bustimetable.TestTimeTable" time="0.005"/>
  <testcase name="isSmall_hour_isTrue" classname="net.asabon.bustimetable.TestTimeTable" time="0.002"/>
  <system-out><![CDATA[]]></system-out>
  <system-err><![CDATA[]]></system-err>
</testsuite>
