<?xml version="1.0" encoding="UTF-8"?>
<testsuite name="net.asabon.bustimetable.TestTimeTable" tests="7" skipped="0" failures="0" errors="0" timestamp="2024-02-12T08:58:42" hostname="fv-az717-397" time="0.065">
  <properties/>
  <testcase name="isSmall_minute_isTrue" classname="net.asabon.bustimetable.TestTimeTable" time="0.013"/>
  <testcase name="isSmall_hour_isFalse" classname="net.asabon.bustimetable.TestTimeTable" time="0.001"/>
  <testcase name="isSmall_minute_isFalse" classname="net.asabon.bustimetable.TestTimeTable" time="0.001"/>
  <testcase name="mergeList_BaseIsNull" classname="net.asabon.bustimetable.TestTimeTable" time="0.001"/>
  <testcase name="getHour_test" classname="net.asabon.bustimetable.TestTimeTable" time="0.043"/>
  <testcase name="getMinute_test" classname="net.asabon.bustimetable.TestTimeTable" time="0.001"/>
  <testcase name="isSmall_hour_isTrue" classname="net.asabon.bustimetable.TestTimeTable" time="0.001"/>
  <system-out><![CDATA[]]></system-out>
  <system-err><![CDATA[]]></system-err>
</testsuite>
