<?xml version="1.0" encoding="UTF-8"?>
<testsuite name="net.asabon.bustimetable.TestUtility" tests="4" skipped="0" failures="0" errors="0" timestamp="2024-02-12T08:58:42" hostname="fv-az717-397" time="0.362">
  <properties/>
  <testcase name="isContain_isTrue" classname="net.asabon.bustimetable.TestUtility" time="0.357"/>
  <testcase name="isContains_isFalse" classname="net.asabon.bustimetable.TestUtility" time="0.001"/>
  <testcase name="isContains_isTrue" classname="net.asabon.bustimetable.TestUtility" time="0.001"/>
  <testcase name="isContain_isFalse" classname="net.asabon.bustimetable.TestUtility" time="0.001"/>
  <system-out><![CDATA[]]></system-out>
  <system-err><![CDATA[]]></system-err>
</testsuite>
