<?xml version="1.0" encoding="UTF-8"?>
<testsuite name="net.asabon.bustimetable.TestTimeTable" tests="7" skipped="0" failures="0" errors="0" timestamp="2024-02-12T10:30:13" hostname="fv-az613-647" time="0.078">
  <properties/>
  <testcase name="isSmall_minute_isTrue" classname="net.asabon.bustimetable.TestTimeTable" time="0.033"/>
  <testcase name="isSmall_hour_isFalse" classname="net.asabon.bustimetable.TestTimeTable" time="0.0"/>
  <testcase name="isSmall_minute_isFalse" classname="net.asabon.bustimetable.TestTimeTable" time="0.0"/>
  <testcase name="mergeList_BaseIsNull" classname="net.asabon.bustimetable.TestTimeTable" time="0.001"/>
  <testcase name="getHour_test" classname="net.asabon.bustimetable.TestTimeTable" time="0.037"/>
  <testcase name="getMinute_test" classname="net.asabon.bustimetable.TestTimeTable" time="0.001"/>
  <testcase name="isSmall_hour_isTrue" classname="net.asabon.bustimetable.TestTimeTable" time="0.0"/>
  <system-out><![CDATA[]]></system-out>
  <system-err><![CDATA[]]></system-err>
</testsuite>
