<?xml version="1.0" encoding="UTF-8"?>
<testsuite name="net.asabon.bustimetable.TestUtility" tests="4" skipped="0" failures="0" errors="0" timestamp="2024-02-12T10:29:48" hostname="fv-az613-647" time="0.293">
  <properties/>
  <testcase name="isContain_isTrue" classname="net.asabon.bustimetable.TestUtility" time="0.29"/>
  <testcase name="isContains_isFalse" classname="net.asabon.bustimetable.TestUtility" time="0.001"/>
  <testcase name="isContains_isTrue" classname="net.asabon.bustimetable.TestUtility" time="0.0"/>
  <testcase name="isContain_isFalse" classname="net.asabon.bustimetable.TestUtility" time="0.0"/>
  <system-out><![CDATA[]]></system-out>
  <system-err><![CDATA[]]></system-err>
</testsuite>
