<?xml version="1.0" encoding="utf-8"?>
<checkstyle version="8.0">
    <file name="src/test/java/net/asabon/couponmanager/TestCouponItemList.kt">
        <error line="29" column="14" severity="error" message="Missing trailing comma before &quot;)&quot;" source="trailing-comma-on-call-site" />
    </file>
</checkstyle>
